ERROR 2022-04-19 20:54:29,749 C:\MyDoc\IT\MyRepositories\NewsPortal\venv\lib\site-packages\django\utils\log.py (<class 'django.template.exceptions.TemplateSyntaxError'>, TemplateSyntaxError("Could not parse the remainder: '<legend>Sign-In</legend>' from '<legend>Sign-In</legend>'"), <traceback object at 0x0000005A62203480>) Internal Server Error: /accounts/login/
Traceback (most recent call last):
  File "C:\MyDoc\IT\MyRepositories\NewsPortal\venv\lib\site-packages\django\core\handlers\exception.py", line 47, in inner
    response = get_response(request)
  File "C:\MyDoc\IT\MyRepositories\NewsPortal\venv\lib\site-packages\django\core\handlers\base.py", line 204, in _get_response
    response = response.render()
  File "C:\MyDoc\IT\MyRepositories\NewsPortal\venv\lib\site-packages\django\template\response.py", line 105, in render
    self.content = self.rendered_content
  File "C:\MyDoc\IT\MyRepositories\NewsPortal\venv\lib\site-packages\django\template\response.py", line 81, in rendered_content
    template = self.resolve_template(self.template_name)
  File "C:\MyDoc\IT\MyRepositories\NewsPortal\venv\lib\site-packages\django\template\response.py", line 63, in resolve_template
    return select_template(template, using=self.using)
  File "C:\MyDoc\IT\MyRepositories\NewsPortal\venv\lib\site-packages\django\template\loader.py", line 42, in select_template
    return engine.get_template(template_name)
  File "C:\MyDoc\IT\MyRepositories\NewsPortal\venv\lib\site-packages\django\template\backends\django.py", line 34, in get_template
    return Template(self.engine.get_template(template_name), self)
  File "C:\MyDoc\IT\MyRepositories\NewsPortal\venv\lib\site-packages\django\template\engine.py", line 163, in get_template
    template, origin = self.find_template(template_name)
  File "C:\MyDoc\IT\MyRepositories\NewsPortal\venv\lib\site-packages\django\template\engine.py", line 145, in find_template
    template = loader.get_template(name, skip=skip)
  File "C:\MyDoc\IT\MyRepositories\NewsPortal\venv\lib\site-packages\django\template\loaders\base.py", line 29, in get_template
    return Template(
  File "C:\MyDoc\IT\MyRepositories\NewsPortal\venv\lib\site-packages\django\template\base.py", line 155, in __init__
    self.nodelist = self.compile_nodelist()
  File "C:\MyDoc\IT\MyRepositories\NewsPortal\venv\lib\site-packages\django\template\base.py", line 199, in compile_nodelist
    return parser.parse()
  File "C:\MyDoc\IT\MyRepositories\NewsPortal\venv\lib\site-packages\django\template\base.py", line 508, in parse
    raise self.error(token, e)
  File "C:\MyDoc\IT\MyRepositories\NewsPortal\venv\lib\site-packages\django\template\base.py", line 506, in parse
    compiled_result = compile_func(self, token)
  File "C:\MyDoc\IT\MyRepositories\NewsPortal\venv\lib\site-packages\django\template\loader_tags.py", line 284, in do_extends
    nodelist = parser.parse()
  File "C:\MyDoc\IT\MyRepositories\NewsPortal\venv\lib\site-packages\django\template\base.py", line 508, in parse
    raise self.error(token, e)
  File "C:\MyDoc\IT\MyRepositories\NewsPortal\venv\lib\site-packages\django\template\base.py", line 506, in parse
    compiled_result = compile_func(self, token)
  File "C:\MyDoc\IT\MyRepositories\NewsPortal\venv\lib\site-packages\django\template\loader_tags.py", line 222, in do_block
    nodelist = parser.parse(('endblock',))
  File "C:\MyDoc\IT\MyRepositories\NewsPortal\venv\lib\site-packages\django\template\base.py", line 508, in parse
    raise self.error(token, e)
  File "C:\MyDoc\IT\MyRepositories\NewsPortal\venv\lib\site-packages\django\template\base.py", line 506, in parse
    compiled_result = compile_func(self, token)
  File "C:\MyDoc\IT\MyRepositories\NewsPortal\venv\lib\site-packages\django\templatetags\i18n.py", line 379, in do_translate
    message_string = parser.compile_filter(bits[1])
  File "C:\MyDoc\IT\MyRepositories\NewsPortal\venv\lib\site-packages\django\template\base.py", line 593, in compile_filter
    return FilterExpression(token, self)
  File "C:\MyDoc\IT\MyRepositories\NewsPortal\venv\lib\site-packages\django\template\base.py", line 692, in __init__
    raise TemplateSyntaxError("Could not parse the remainder: '%s' "
django.template.exceptions.TemplateSyntaxError: Could not parse the remainder: '<legend>Sign-In</legend>' from '<legend>Sign-In</legend>'
ERROR 2022-04-19 20:54:29,764 C:\MyDoc\IT\MyRepositories\NewsPortal\venv\lib\site-packages\django\core\servers\basehttp.py None "GET /accounts/login/ HTTP/1.1" 500 189889
ERROR 2022-04-19 21:21:10,270 C:\MyDoc\IT\MyRepositories\NewsPortal\venv\lib\site-packages\django\utils\log.py (<class 'django.template.exceptions.TemplateDoesNotExist'>, TemplateDoesNotExist('/templates/inc/navbar.html'), <traceback object at 0x000000237F3992C0>) Internal Server Error: /accounts/login/
Traceback (most recent call last):
  File "C:\MyDoc\IT\MyRepositories\NewsPortal\venv\lib\site-packages\django\template\backends\django.py", line 61, in render
    return self.template.render(context)
  File "C:\MyDoc\IT\MyRepositories\NewsPortal\venv\lib\site-packages\django\template\base.py", line 176, in render
    return self._render(context)
  File "C:\MyDoc\IT\MyRepositories\NewsPortal\venv\lib\site-packages\django\template\base.py", line 168, in _render
    return self.nodelist.render(context)
  File "C:\MyDoc\IT\MyRepositories\NewsPortal\venv\lib\site-packages\django\template\base.py", line 977, in render
    return SafeString(''.join([
  File "C:\MyDoc\IT\MyRepositories\NewsPortal\venv\lib\site-packages\django\template\base.py", line 978, in <listcomp>
    node.render_annotated(context) for node in self
  File "C:\MyDoc\IT\MyRepositories\NewsPortal\venv\lib\site-packages\django\template\base.py", line 938, in render_annotated
    return self.render(context)
  File "C:\MyDoc\IT\MyRepositories\NewsPortal\venv\lib\site-packages\django\template\loader_tags.py", line 153, in render
    return compiled_parent._render(context)
  File "C:\MyDoc\IT\MyRepositories\NewsPortal\venv\lib\site-packages\django\template\base.py", line 168, in _render
    return self.nodelist.render(context)
  File "C:\MyDoc\IT\MyRepositories\NewsPortal\venv\lib\site-packages\django\template\base.py", line 977, in render
    return SafeString(''.join([
  File "C:\MyDoc\IT\MyRepositories\NewsPortal\venv\lib\site-packages\django\template\base.py", line 978, in <listcomp>
    node.render_annotated(context) for node in self
  File "C:\MyDoc\IT\MyRepositories\NewsPortal\venv\lib\site-packages\django\template\base.py", line 938, in render_annotated
    return self.render(context)
  File "C:\MyDoc\IT\MyRepositories\NewsPortal\venv\lib\site-packages\django\template\loader_tags.py", line 189, in render
    template = context.template.engine.select_template(template_name)
  File "C:\MyDoc\IT\MyRepositories\NewsPortal\venv\lib\site-packages\django\template\engine.py", line 200, in select_template
    raise TemplateDoesNotExist(', '.join(not_found))
django.template.exceptions.TemplateDoesNotExist: /templates/inc/navbar.html

The above exception was the direct cause of the following exception:

Traceback (most recent call last):
  File "C:\MyDoc\IT\MyRepositories\NewsPortal\venv\lib\site-packages\django\core\handlers\exception.py", line 47, in inner
    response = get_response(request)
  File "C:\MyDoc\IT\MyRepositories\NewsPortal\venv\lib\site-packages\django\core\handlers\base.py", line 204, in _get_response
    response = response.render()
  File "C:\MyDoc\IT\MyRepositories\NewsPortal\venv\lib\site-packages\django\template\response.py", line 105, in render
    self.content = self.rendered_content
  File "C:\MyDoc\IT\MyRepositories\NewsPortal\venv\lib\site-packages\django\template\response.py", line 83, in rendered_content
    return template.render(context, self._request)
  File "C:\MyDoc\IT\MyRepositories\NewsPortal\venv\lib\site-packages\django\template\backends\django.py", line 63, in render
    reraise(exc, self.backend)
  File "C:\MyDoc\IT\MyRepositories\NewsPortal\venv\lib\site-packages\django\template\backends\django.py", line 84, in reraise
    raise new from exc
django.template.exceptions.TemplateDoesNotExist: /templates/inc/navbar.html
ERROR 2022-04-19 21:21:10,280 C:\MyDoc\IT\MyRepositories\NewsPortal\venv\lib\site-packages\django\core\servers\basehttp.py None "GET /accounts/login/?next=/accounts/profile/ HTTP/1.1" 500 151160
ERROR 2022-04-19 21:23:22,049 C:\MyDoc\IT\MyRepositories\NewsPortal\venv\lib\site-packages\django\utils\log.py (<class 'django.template.exceptions.TemplateDoesNotExist'>, TemplateDoesNotExist('templates/inc/navbar.html'), <traceback object at 0x000000237F283F00>) Internal Server Error: /accounts/login/
Traceback (most recent call last):
  File "C:\MyDoc\IT\MyRepositories\NewsPortal\venv\lib\site-packages\django\template\backends\django.py", line 61, in render
    return self.template.render(context)
  File "C:\MyDoc\IT\MyRepositories\NewsPortal\venv\lib\site-packages\django\template\base.py", line 176, in render
    return self._render(context)
  File "C:\MyDoc\IT\MyRepositories\NewsPortal\venv\lib\site-packages\django\template\base.py", line 168, in _render
    return self.nodelist.render(context)
  File "C:\MyDoc\IT\MyRepositories\NewsPortal\venv\lib\site-packages\django\template\base.py", line 977, in render
    return SafeString(''.join([
  File "C:\MyDoc\IT\MyRepositories\NewsPortal\venv\lib\site-packages\django\template\base.py", line 978, in <listcomp>
    node.render_annotated(context) for node in self
  File "C:\MyDoc\IT\MyRepositories\NewsPortal\venv\lib\site-packages\django\template\base.py", line 938, in render_annotated
    return self.render(context)
  File "C:\MyDoc\IT\MyRepositories\NewsPortal\venv\lib\site-packages\django\template\loader_tags.py", line 153, in render
    return compiled_parent._render(context)
  File "C:\MyDoc\IT\MyRepositories\NewsPortal\venv\lib\site-packages\django\template\base.py", line 168, in _render
    return self.nodelist.render(context)
  File "C:\MyDoc\IT\MyRepositories\NewsPortal\venv\lib\site-packages\django\template\base.py", line 977, in render
    return SafeString(''.join([
  File "C:\MyDoc\IT\MyRepositories\NewsPortal\venv\lib\site-packages\django\template\base.py", line 978, in <listcomp>
    node.render_annotated(context) for node in self
  File "C:\MyDoc\IT\MyRepositories\NewsPortal\venv\lib\site-packages\django\template\base.py", line 938, in render_annotated
    return self.render(context)
  File "C:\MyDoc\IT\MyRepositories\NewsPortal\venv\lib\site-packages\django\template\loader_tags.py", line 189, in render
    template = context.template.engine.select_template(template_name)
  File "C:\MyDoc\IT\MyRepositories\NewsPortal\venv\lib\site-packages\django\template\engine.py", line 200, in select_template
    raise TemplateDoesNotExist(', '.join(not_found))
django.template.exceptions.TemplateDoesNotExist: templates/inc/navbar.html

The above exception was the direct cause of the following exception:

Traceback (most recent call last):
  File "C:\MyDoc\IT\MyRepositories\NewsPortal\venv\lib\site-packages\django\core\handlers\exception.py", line 47, in inner
    response = get_response(request)
  File "C:\MyDoc\IT\MyRepositories\NewsPortal\venv\lib\site-packages\django\core\handlers\base.py", line 204, in _get_response
    response = response.render()
  File "C:\MyDoc\IT\MyRepositories\NewsPortal\venv\lib\site-packages\django\template\response.py", line 105, in render
    self.content = self.rendered_content
  File "C:\MyDoc\IT\MyRepositories\NewsPortal\venv\lib\site-packages\django\template\response.py", line 83, in rendered_content
    return template.render(context, self._request)
  File "C:\MyDoc\IT\MyRepositories\NewsPortal\venv\lib\site-packages\django\template\backends\django.py", line 63, in render
    reraise(exc, self.backend)
  File "C:\MyDoc\IT\MyRepositories\NewsPortal\venv\lib\site-packages\django\template\backends\django.py", line 84, in reraise
    raise new from exc
django.template.exceptions.TemplateDoesNotExist: templates/inc/navbar.html
ERROR 2022-04-19 21:23:22,056 C:\MyDoc\IT\MyRepositories\NewsPortal\venv\lib\site-packages\django\core\servers\basehttp.py None "GET /accounts/login/?next=/accounts/profile/ HTTP/1.1" 500 151003
ERROR 2022-04-19 21:25:40,140 C:\MyDoc\IT\MyRepositories\NewsPortal\venv\lib\site-packages\django\utils\log.py (<class 'django.template.exceptions.TemplateDoesNotExist'>, TemplateDoesNotExist('NewsPaper/templates/inc/navbar.html'), <traceback object at 0x000000237F365880>) Internal Server Error: /accounts/login/
Traceback (most recent call last):
  File "C:\MyDoc\IT\MyRepositories\NewsPortal\venv\lib\site-packages\django\template\backends\django.py", line 61, in render
    return self.template.render(context)
  File "C:\MyDoc\IT\MyRepositories\NewsPortal\venv\lib\site-packages\django\template\base.py", line 176, in render
    return self._render(context)
  File "C:\MyDoc\IT\MyRepositories\NewsPortal\venv\lib\site-packages\django\template\base.py", line 168, in _render
    return self.nodelist.render(context)
  File "C:\MyDoc\IT\MyRepositories\NewsPortal\venv\lib\site-packages\django\template\base.py", line 977, in render
    return SafeString(''.join([
  File "C:\MyDoc\IT\MyRepositories\NewsPortal\venv\lib\site-packages\django\template\base.py", line 978, in <listcomp>
    node.render_annotated(context) for node in self
  File "C:\MyDoc\IT\MyRepositories\NewsPortal\venv\lib\site-packages\django\template\base.py", line 938, in render_annotated
    return self.render(context)
  File "C:\MyDoc\IT\MyRepositories\NewsPortal\venv\lib\site-packages\django\template\loader_tags.py", line 153, in render
    return compiled_parent._render(context)
  File "C:\MyDoc\IT\MyRepositories\NewsPortal\venv\lib\site-packages\django\template\base.py", line 168, in _render
    return self.nodelist.render(context)
  File "C:\MyDoc\IT\MyRepositories\NewsPortal\venv\lib\site-packages\django\template\base.py", line 977, in render
    return SafeString(''.join([
  File "C:\MyDoc\IT\MyRepositories\NewsPortal\venv\lib\site-packages\django\template\base.py", line 978, in <listcomp>
    node.render_annotated(context) for node in self
  File "C:\MyDoc\IT\MyRepositories\NewsPortal\venv\lib\site-packages\django\template\base.py", line 938, in render_annotated
    return self.render(context)
  File "C:\MyDoc\IT\MyRepositories\NewsPortal\venv\lib\site-packages\django\template\loader_tags.py", line 189, in render
    template = context.template.engine.select_template(template_name)
  File "C:\MyDoc\IT\MyRepositories\NewsPortal\venv\lib\site-packages\django\template\engine.py", line 200, in select_template
    raise TemplateDoesNotExist(', '.join(not_found))
django.template.exceptions.TemplateDoesNotExist: NewsPaper/templates/inc/navbar.html

The above exception was the direct cause of the following exception:

Traceback (most recent call last):
  File "C:\MyDoc\IT\MyRepositories\NewsPortal\venv\lib\site-packages\django\core\handlers\exception.py", line 47, in inner
    response = get_response(request)
  File "C:\MyDoc\IT\MyRepositories\NewsPortal\venv\lib\site-packages\django\core\handlers\base.py", line 204, in _get_response
    response = response.render()
  File "C:\MyDoc\IT\MyRepositories\NewsPortal\venv\lib\site-packages\django\template\response.py", line 105, in render
    self.content = self.rendered_content
  File "C:\MyDoc\IT\MyRepositories\NewsPortal\venv\lib\site-packages\django\template\response.py", line 83, in rendered_content
    return template.render(context, self._request)
  File "C:\MyDoc\IT\MyRepositories\NewsPortal\venv\lib\site-packages\django\template\backends\django.py", line 63, in render
    reraise(exc, self.backend)
  File "C:\MyDoc\IT\MyRepositories\NewsPortal\venv\lib\site-packages\django\template\backends\django.py", line 84, in reraise
    raise new from exc
django.template.exceptions.TemplateDoesNotExist: NewsPaper/templates/inc/navbar.html
ERROR 2022-04-19 21:25:40,147 C:\MyDoc\IT\MyRepositories\NewsPortal\venv\lib\site-packages\django\core\servers\basehttp.py None "GET /accounts/login/?next=/accounts/profile/ HTTP/1.1" 500 151340
ERROR 2022-04-19 21:25:49,328 C:\MyDoc\IT\MyRepositories\NewsPortal\venv\lib\site-packages\django\utils\log.py (<class 'django.template.exceptions.TemplateDoesNotExist'>, TemplateDoesNotExist('/NewsPaper/templates/inc/navbar.html'), <traceback object at 0x000000237F25B4C0>) Internal Server Error: /accounts/login/
Traceback (most recent call last):
  File "C:\MyDoc\IT\MyRepositories\NewsPortal\venv\lib\site-packages\django\template\backends\django.py", line 61, in render
    return self.template.render(context)
  File "C:\MyDoc\IT\MyRepositories\NewsPortal\venv\lib\site-packages\django\template\base.py", line 176, in render
    return self._render(context)
  File "C:\MyDoc\IT\MyRepositories\NewsPortal\venv\lib\site-packages\django\template\base.py", line 168, in _render
    return self.nodelist.render(context)
  File "C:\MyDoc\IT\MyRepositories\NewsPortal\venv\lib\site-packages\django\template\base.py", line 977, in render
    return SafeString(''.join([
  File "C:\MyDoc\IT\MyRepositories\NewsPortal\venv\lib\site-packages\django\template\base.py", line 978, in <listcomp>
    node.render_annotated(context) for node in self
  File "C:\MyDoc\IT\MyRepositories\NewsPortal\venv\lib\site-packages\django\template\base.py", line 938, in render_annotated
    return self.render(context)
  File "C:\MyDoc\IT\MyRepositories\NewsPortal\venv\lib\site-packages\django\template\loader_tags.py", line 153, in render
    return compiled_parent._render(context)
  File "C:\MyDoc\IT\MyRepositories\NewsPortal\venv\lib\site-packages\django\template\base.py", line 168, in _render
    return self.nodelist.render(context)
  File "C:\MyDoc\IT\MyRepositories\NewsPortal\venv\lib\site-packages\django\template\base.py", line 977, in render
    return SafeString(''.join([
  File "C:\MyDoc\IT\MyRepositories\NewsPortal\venv\lib\site-packages\django\template\base.py", line 978, in <listcomp>
    node.render_annotated(context) for node in self
  File "C:\MyDoc\IT\MyRepositories\NewsPortal\venv\lib\site-packages\django\template\base.py", line 938, in render_annotated
    return self.render(context)
  File "C:\MyDoc\IT\MyRepositories\NewsPortal\venv\lib\site-packages\django\template\loader_tags.py", line 189, in render
    template = context.template.engine.select_template(template_name)
  File "C:\MyDoc\IT\MyRepositories\NewsPortal\venv\lib\site-packages\django\template\engine.py", line 200, in select_template
    raise TemplateDoesNotExist(', '.join(not_found))
django.template.exceptions.TemplateDoesNotExist: /NewsPaper/templates/inc/navbar.html

The above exception was the direct cause of the following exception:

Traceback (most recent call last):
  File "C:\MyDoc\IT\MyRepositories\NewsPortal\venv\lib\site-packages\django\core\handlers\exception.py", line 47, in inner
    response = get_response(request)
  File "C:\MyDoc\IT\MyRepositories\NewsPortal\venv\lib\site-packages\django\core\handlers\base.py", line 204, in _get_response
    response = response.render()
  File "C:\MyDoc\IT\MyRepositories\NewsPortal\venv\lib\site-packages\django\template\response.py", line 105, in render
    self.content = self.rendered_content
  File "C:\MyDoc\IT\MyRepositories\NewsPortal\venv\lib\site-packages\django\template\response.py", line 83, in rendered_content
    return template.render(context, self._request)
  File "C:\MyDoc\IT\MyRepositories\NewsPortal\venv\lib\site-packages\django\template\backends\django.py", line 63, in render
    reraise(exc, self.backend)
  File "C:\MyDoc\IT\MyRepositories\NewsPortal\venv\lib\site-packages\django\template\backends\django.py", line 84, in reraise
    raise new from exc
django.template.exceptions.TemplateDoesNotExist: /NewsPaper/templates/inc/navbar.html
ERROR 2022-04-19 21:25:49,335 C:\MyDoc\IT\MyRepositories\NewsPortal\venv\lib\site-packages\django\core\servers\basehttp.py None "GET /accounts/login/?next=/accounts/profile/ HTTP/1.1" 500 151360
ERROR 2022-04-20 16:50:41,300 C:\MyDoc\IT\MyRepositories\NewsPortal\venv\lib\site-packages\django\utils\log.py (<class 'django.template.exceptions.TemplateSyntaxError'>, TemplateSyntaxError("Could not parse the remainder: '-path' from 'request.get_full-path'"), <traceback object at 0x0000000185239980>) Internal Server Error: /en/news/
Traceback (most recent call last):
  File "C:\MyDoc\IT\MyRepositories\NewsPortal\venv\lib\site-packages\django\core\handlers\exception.py", line 47, in inner
    response = get_response(request)
  File "C:\MyDoc\IT\MyRepositories\NewsPortal\venv\lib\site-packages\django\core\handlers\base.py", line 204, in _get_response
    response = response.render()
  File "C:\MyDoc\IT\MyRepositories\NewsPortal\venv\lib\site-packages\django\template\response.py", line 105, in render
    self.content = self.rendered_content
  File "C:\MyDoc\IT\MyRepositories\NewsPortal\venv\lib\site-packages\django\template\response.py", line 81, in rendered_content
    template = self.resolve_template(self.template_name)
  File "C:\MyDoc\IT\MyRepositories\NewsPortal\venv\lib\site-packages\django\template\response.py", line 63, in resolve_template
    return select_template(template, using=self.using)
  File "C:\MyDoc\IT\MyRepositories\NewsPortal\venv\lib\site-packages\django\template\loader.py", line 42, in select_template
    return engine.get_template(template_name)
  File "C:\MyDoc\IT\MyRepositories\NewsPortal\venv\lib\site-packages\django\template\backends\django.py", line 34, in get_template
    return Template(self.engine.get_template(template_name), self)
  File "C:\MyDoc\IT\MyRepositories\NewsPortal\venv\lib\site-packages\django\template\engine.py", line 163, in get_template
    template, origin = self.find_template(template_name)
  File "C:\MyDoc\IT\MyRepositories\NewsPortal\venv\lib\site-packages\django\template\engine.py", line 145, in find_template
    template = loader.get_template(name, skip=skip)
  File "C:\MyDoc\IT\MyRepositories\NewsPortal\venv\lib\site-packages\django\template\loaders\base.py", line 29, in get_template
    return Template(
  File "C:\MyDoc\IT\MyRepositories\NewsPortal\venv\lib\site-packages\django\template\base.py", line 155, in __init__
    self.nodelist = self.compile_nodelist()
  File "C:\MyDoc\IT\MyRepositories\NewsPortal\venv\lib\site-packages\django\template\base.py", line 199, in compile_nodelist
    return parser.parse()
  File "C:\MyDoc\IT\MyRepositories\NewsPortal\venv\lib\site-packages\django\template\base.py", line 508, in parse
    raise self.error(token, e)
  File "C:\MyDoc\IT\MyRepositories\NewsPortal\venv\lib\site-packages\django\template\base.py", line 506, in parse
    compiled_result = compile_func(self, token)
  File "C:\MyDoc\IT\MyRepositories\NewsPortal\venv\lib\site-packages\django\template\loader_tags.py", line 284, in do_extends
    nodelist = parser.parse()
  File "C:\MyDoc\IT\MyRepositories\NewsPortal\venv\lib\site-packages\django\template\base.py", line 508, in parse
    raise self.error(token, e)
  File "C:\MyDoc\IT\MyRepositories\NewsPortal\venv\lib\site-packages\django\template\base.py", line 506, in parse
    compiled_result = compile_func(self, token)
  File "C:\MyDoc\IT\MyRepositories\NewsPortal\venv\lib\site-packages\django\template\loader_tags.py", line 222, in do_block
    nodelist = parser.parse(('endblock',))
  File "C:\MyDoc\IT\MyRepositories\NewsPortal\venv\lib\site-packages\django\template\base.py", line 479, in parse
    raise self.error(token, e)
  File "C:\MyDoc\IT\MyRepositories\NewsPortal\venv\lib\site-packages\django\template\base.py", line 477, in parse
    filter_expression = self.compile_filter(token.contents)
  File "C:\MyDoc\IT\MyRepositories\NewsPortal\venv\lib\site-packages\django\template\base.py", line 593, in compile_filter
    return FilterExpression(token, self)
  File "C:\MyDoc\IT\MyRepositories\NewsPortal\venv\lib\site-packages\django\template\base.py", line 692, in __init__
    raise TemplateSyntaxError("Could not parse the remainder: '%s' "
django.template.exceptions.TemplateSyntaxError: Could not parse the remainder: '-path' from 'request.get_full-path'
ERROR 2022-04-20 16:50:41,311 C:\MyDoc\IT\MyRepositories\NewsPortal\venv\lib\site-packages\django\core\servers\basehttp.py None "GET /en/news/ HTTP/1.1" 500 216105
ERROR 2022-04-20 19:43:17,166 C:\MyDoc\IT\MyRepositories\NewsPortal\venv\lib\site-packages\django\utils\log.py (<class 'django.template.exceptions.TemplateSyntaxError'>, TemplateSyntaxError("Could not parse the remainder: '[3:]' from 'request.get_full_path[3:]'"), <traceback object at 0x00000001851C8FC0>) Internal Server Error: /en/news/
Traceback (most recent call last):
  File "C:\MyDoc\IT\MyRepositories\NewsPortal\venv\lib\site-packages\django\core\handlers\exception.py", line 47, in inner
    response = get_response(request)
  File "C:\MyDoc\IT\MyRepositories\NewsPortal\venv\lib\site-packages\django\core\handlers\base.py", line 204, in _get_response
    response = response.render()
  File "C:\MyDoc\IT\MyRepositories\NewsPortal\venv\lib\site-packages\django\template\response.py", line 105, in render
    self.content = self.rendered_content
  File "C:\MyDoc\IT\MyRepositories\NewsPortal\venv\lib\site-packages\django\template\response.py", line 81, in rendered_content
    template = self.resolve_template(self.template_name)
  File "C:\MyDoc\IT\MyRepositories\NewsPortal\venv\lib\site-packages\django\template\response.py", line 63, in resolve_template
    return select_template(template, using=self.using)
  File "C:\MyDoc\IT\MyRepositories\NewsPortal\venv\lib\site-packages\django\template\loader.py", line 42, in select_template
    return engine.get_template(template_name)
  File "C:\MyDoc\IT\MyRepositories\NewsPortal\venv\lib\site-packages\django\template\backends\django.py", line 34, in get_template
    return Template(self.engine.get_template(template_name), self)
  File "C:\MyDoc\IT\MyRepositories\NewsPortal\venv\lib\site-packages\django\template\engine.py", line 163, in get_template
    template, origin = self.find_template(template_name)
  File "C:\MyDoc\IT\MyRepositories\NewsPortal\venv\lib\site-packages\django\template\engine.py", line 145, in find_template
    template = loader.get_template(name, skip=skip)
  File "C:\MyDoc\IT\MyRepositories\NewsPortal\venv\lib\site-packages\django\template\loaders\base.py", line 29, in get_template
    return Template(
  File "C:\MyDoc\IT\MyRepositories\NewsPortal\venv\lib\site-packages\django\template\base.py", line 155, in __init__
    self.nodelist = self.compile_nodelist()
  File "C:\MyDoc\IT\MyRepositories\NewsPortal\venv\lib\site-packages\django\template\base.py", line 199, in compile_nodelist
    return parser.parse()
  File "C:\MyDoc\IT\MyRepositories\NewsPortal\venv\lib\site-packages\django\template\base.py", line 508, in parse
    raise self.error(token, e)
  File "C:\MyDoc\IT\MyRepositories\NewsPortal\venv\lib\site-packages\django\template\base.py", line 506, in parse
    compiled_result = compile_func(self, token)
  File "C:\MyDoc\IT\MyRepositories\NewsPortal\venv\lib\site-packages\django\template\loader_tags.py", line 284, in do_extends
    nodelist = parser.parse()
  File "C:\MyDoc\IT\MyRepositories\NewsPortal\venv\lib\site-packages\django\template\base.py", line 508, in parse
    raise self.error(token, e)
  File "C:\MyDoc\IT\MyRepositories\NewsPortal\venv\lib\site-packages\django\template\base.py", line 506, in parse
    compiled_result = compile_func(self, token)
  File "C:\MyDoc\IT\MyRepositories\NewsPortal\venv\lib\site-packages\django\template\loader_tags.py", line 222, in do_block
    nodelist = parser.parse(('endblock',))
  File "C:\MyDoc\IT\MyRepositories\NewsPortal\venv\lib\site-packages\django\template\base.py", line 479, in parse
    raise self.error(token, e)
  File "C:\MyDoc\IT\MyRepositories\NewsPortal\venv\lib\site-packages\django\template\base.py", line 477, in parse
    filter_expression = self.compile_filter(token.contents)
  File "C:\MyDoc\IT\MyRepositories\NewsPortal\venv\lib\site-packages\django\template\base.py", line 593, in compile_filter
    return FilterExpression(token, self)
  File "C:\MyDoc\IT\MyRepositories\NewsPortal\venv\lib\site-packages\django\template\base.py", line 692, in __init__
    raise TemplateSyntaxError("Could not parse the remainder: '%s' "
django.template.exceptions.TemplateSyntaxError: Could not parse the remainder: '[3:]' from 'request.get_full_path[3:]'
ERROR 2022-04-20 19:43:17,173 C:\MyDoc\IT\MyRepositories\NewsPortal\venv\lib\site-packages\django\core\servers\basehttp.py None "GET /en/news/ HTTP/1.1" 500 216303
ERROR 2022-04-20 19:55:53,186 C:\MyDoc\IT\MyRepositories\NewsPortal\venv\lib\site-packages\django\utils\log.py (<class 'django.template.exceptions.TemplateSyntaxError'>, TemplateSyntaxError('Could not parse the remainder: \', "/ru"\' from \'request.get_full_path|cut:"/en", "/ru"\''), <traceback object at 0x0000000185795BC0>) Internal Server Error: /en/news/
Traceback (most recent call last):
  File "C:\MyDoc\IT\MyRepositories\NewsPortal\venv\lib\site-packages\django\core\handlers\exception.py", line 47, in inner
    response = get_response(request)
  File "C:\MyDoc\IT\MyRepositories\NewsPortal\venv\lib\site-packages\django\core\handlers\base.py", line 204, in _get_response
    response = response.render()
  File "C:\MyDoc\IT\MyRepositories\NewsPortal\venv\lib\site-packages\django\template\response.py", line 105, in render
    self.content = self.rendered_content
  File "C:\MyDoc\IT\MyRepositories\NewsPortal\venv\lib\site-packages\django\template\response.py", line 81, in rendered_content
    template = self.resolve_template(self.template_name)
  File "C:\MyDoc\IT\MyRepositories\NewsPortal\venv\lib\site-packages\django\template\response.py", line 63, in resolve_template
    return select_template(template, using=self.using)
  File "C:\MyDoc\IT\MyRepositories\NewsPortal\venv\lib\site-packages\django\template\loader.py", line 42, in select_template
    return engine.get_template(template_name)
  File "C:\MyDoc\IT\MyRepositories\NewsPortal\venv\lib\site-packages\django\template\backends\django.py", line 34, in get_template
    return Template(self.engine.get_template(template_name), self)
  File "C:\MyDoc\IT\MyRepositories\NewsPortal\venv\lib\site-packages\django\template\engine.py", line 163, in get_template
    template, origin = self.find_template(template_name)
  File "C:\MyDoc\IT\MyRepositories\NewsPortal\venv\lib\site-packages\django\template\engine.py", line 145, in find_template
    template = loader.get_template(name, skip=skip)
  File "C:\MyDoc\IT\MyRepositories\NewsPortal\venv\lib\site-packages\django\template\loaders\base.py", line 29, in get_template
    return Template(
  File "C:\MyDoc\IT\MyRepositories\NewsPortal\venv\lib\site-packages\django\template\base.py", line 155, in __init__
    self.nodelist = self.compile_nodelist()
  File "C:\MyDoc\IT\MyRepositories\NewsPortal\venv\lib\site-packages\django\template\base.py", line 199, in compile_nodelist
    return parser.parse()
  File "C:\MyDoc\IT\MyRepositories\NewsPortal\venv\lib\site-packages\django\template\base.py", line 508, in parse
    raise self.error(token, e)
  File "C:\MyDoc\IT\MyRepositories\NewsPortal\venv\lib\site-packages\django\template\base.py", line 506, in parse
    compiled_result = compile_func(self, token)
  File "C:\MyDoc\IT\MyRepositories\NewsPortal\venv\lib\site-packages\django\template\loader_tags.py", line 284, in do_extends
    nodelist = parser.parse()
  File "C:\MyDoc\IT\MyRepositories\NewsPortal\venv\lib\site-packages\django\template\base.py", line 508, in parse
    raise self.error(token, e)
  File "C:\MyDoc\IT\MyRepositories\NewsPortal\venv\lib\site-packages\django\template\base.py", line 506, in parse
    compiled_result = compile_func(self, token)
  File "C:\MyDoc\IT\MyRepositories\NewsPortal\venv\lib\site-packages\django\template\loader_tags.py", line 222, in do_block
    nodelist = parser.parse(('endblock',))
  File "C:\MyDoc\IT\MyRepositories\NewsPortal\venv\lib\site-packages\django\template\base.py", line 479, in parse
    raise self.error(token, e)
  File "C:\MyDoc\IT\MyRepositories\NewsPortal\venv\lib\site-packages\django\template\base.py", line 477, in parse
    filter_expression = self.compile_filter(token.contents)
  File "C:\MyDoc\IT\MyRepositories\NewsPortal\venv\lib\site-packages\django\template\base.py", line 593, in compile_filter
    return FilterExpression(token, self)
  File "C:\MyDoc\IT\MyRepositories\NewsPortal\venv\lib\site-packages\django\template\base.py", line 692, in __init__
    raise TemplateSyntaxError("Could not parse the remainder: '%s' "
django.template.exceptions.TemplateSyntaxError: Could not parse the remainder: ', "/ru"' from 'request.get_full_path|cut:"/en", "/ru"'
ERROR 2022-04-20 19:55:53,193 C:\MyDoc\IT\MyRepositories\NewsPortal\venv\lib\site-packages\django\core\servers\basehttp.py None "GET /en/news/ HTTP/1.1" 500 217786
ERROR 2022-04-20 20:01:05,831 C:\MyDoc\IT\MyRepositories\NewsPortal\venv\lib\site-packages\django\utils\log.py (<class 'django.template.exceptions.TemplateSyntaxError'>, TemplateSyntaxError('slice requires 2 arguments, 1 provided'), <traceback object at 0x0000000185996C80>) Internal Server Error: /en/news/
Traceback (most recent call last):
  File "C:\MyDoc\IT\MyRepositories\NewsPortal\venv\lib\site-packages\django\core\handlers\exception.py", line 47, in inner
    response = get_response(request)
  File "C:\MyDoc\IT\MyRepositories\NewsPortal\venv\lib\site-packages\django\core\handlers\base.py", line 204, in _get_response
    response = response.render()
  File "C:\MyDoc\IT\MyRepositories\NewsPortal\venv\lib\site-packages\django\template\response.py", line 105, in render
    self.content = self.rendered_content
  File "C:\MyDoc\IT\MyRepositories\NewsPortal\venv\lib\site-packages\django\template\response.py", line 81, in rendered_content
    template = self.resolve_template(self.template_name)
  File "C:\MyDoc\IT\MyRepositories\NewsPortal\venv\lib\site-packages\django\template\response.py", line 63, in resolve_template
    return select_template(template, using=self.using)
  File "C:\MyDoc\IT\MyRepositories\NewsPortal\venv\lib\site-packages\django\template\loader.py", line 42, in select_template
    return engine.get_template(template_name)
  File "C:\MyDoc\IT\MyRepositories\NewsPortal\venv\lib\site-packages\django\template\backends\django.py", line 34, in get_template
    return Template(self.engine.get_template(template_name), self)
  File "C:\MyDoc\IT\MyRepositories\NewsPortal\venv\lib\site-packages\django\template\engine.py", line 163, in get_template
    template, origin = self.find_template(template_name)
  File "C:\MyDoc\IT\MyRepositories\NewsPortal\venv\lib\site-packages\django\template\engine.py", line 145, in find_template
    template = loader.get_template(name, skip=skip)
  File "C:\MyDoc\IT\MyRepositories\NewsPortal\venv\lib\site-packages\django\template\loaders\base.py", line 29, in get_template
    return Template(
  File "C:\MyDoc\IT\MyRepositories\NewsPortal\venv\lib\site-packages\django\template\base.py", line 155, in __init__
    self.nodelist = self.compile_nodelist()
  File "C:\MyDoc\IT\MyRepositories\NewsPortal\venv\lib\site-packages\django\template\base.py", line 199, in compile_nodelist
    return parser.parse()
  File "C:\MyDoc\IT\MyRepositories\NewsPortal\venv\lib\site-packages\django\template\base.py", line 508, in parse
    raise self.error(token, e)
  File "C:\MyDoc\IT\MyRepositories\NewsPortal\venv\lib\site-packages\django\template\base.py", line 506, in parse
    compiled_result = compile_func(self, token)
  File "C:\MyDoc\IT\MyRepositories\NewsPortal\venv\lib\site-packages\django\template\loader_tags.py", line 284, in do_extends
    nodelist = parser.parse()
  File "C:\MyDoc\IT\MyRepositories\NewsPortal\venv\lib\site-packages\django\template\base.py", line 508, in parse
    raise self.error(token, e)
  File "C:\MyDoc\IT\MyRepositories\NewsPortal\venv\lib\site-packages\django\template\base.py", line 506, in parse
    compiled_result = compile_func(self, token)
  File "C:\MyDoc\IT\MyRepositories\NewsPortal\venv\lib\site-packages\django\template\loader_tags.py", line 222, in do_block
    nodelist = parser.parse(('endblock',))
  File "C:\MyDoc\IT\MyRepositories\NewsPortal\venv\lib\site-packages\django\template\base.py", line 479, in parse
    raise self.error(token, e)
  File "C:\MyDoc\IT\MyRepositories\NewsPortal\venv\lib\site-packages\django\template\base.py", line 477, in parse
    filter_expression = self.compile_filter(token.contents)
  File "C:\MyDoc\IT\MyRepositories\NewsPortal\venv\lib\site-packages\django\template\base.py", line 593, in compile_filter
    return FilterExpression(token, self)
  File "C:\MyDoc\IT\MyRepositories\NewsPortal\venv\lib\site-packages\django\template\base.py", line 688, in __init__
    self.args_check(filter_name, filter_func, args)
  File "C:\MyDoc\IT\MyRepositories\NewsPortal\venv\lib\site-packages\django\template\base.py", line 747, in args_check
    raise TemplateSyntaxError("%s requires %d arguments, %d provided" %
django.template.exceptions.TemplateSyntaxError: slice requires 2 arguments, 1 provided
ERROR 2022-04-20 20:01:05,840 C:\MyDoc\IT\MyRepositories\NewsPortal\venv\lib\site-packages\django\core\servers\basehttp.py None "GET /en/news/ HTTP/1.1" 500 221895
ERROR 2022-04-20 20:14:38,589 C:\MyDoc\IT\MyRepositories\NewsPortal\venv\lib\site-packages\django\utils\log.py (<class 'django.template.exceptions.TemplateSyntaxError'>, TemplateSyntaxError("Invalid block tag on line 44: 'endcache'. Did you forget to register or load this tag?"), <traceback object at 0x00000001857A4C00>) Internal Server Error: /ru/news/
Traceback (most recent call last):
  File "C:\MyDoc\IT\MyRepositories\NewsPortal\venv\lib\site-packages\django\template\base.py", line 500, in parse
    compile_func = self.tags[command]
KeyError: 'endcache'

During handling of the above exception, another exception occurred:

Traceback (most recent call last):
  File "C:\MyDoc\IT\MyRepositories\NewsPortal\venv\lib\site-packages\django\core\handlers\exception.py", line 47, in inner
    response = get_response(request)
  File "C:\MyDoc\IT\MyRepositories\NewsPortal\venv\lib\site-packages\django\core\handlers\base.py", line 204, in _get_response
    response = response.render()
  File "C:\MyDoc\IT\MyRepositories\NewsPortal\venv\lib\site-packages\django\template\response.py", line 105, in render
    self.content = self.rendered_content
  File "C:\MyDoc\IT\MyRepositories\NewsPortal\venv\lib\site-packages\django\template\response.py", line 83, in rendered_content
    return template.render(context, self._request)
  File "C:\MyDoc\IT\MyRepositories\NewsPortal\venv\lib\site-packages\django\template\backends\django.py", line 61, in render
    return self.template.render(context)
  File "C:\MyDoc\IT\MyRepositories\NewsPortal\venv\lib\site-packages\django\template\base.py", line 176, in render
    return self._render(context)
  File "C:\MyDoc\IT\MyRepositories\NewsPortal\venv\lib\site-packages\django\template\base.py", line 168, in _render
    return self.nodelist.render(context)
  File "C:\MyDoc\IT\MyRepositories\NewsPortal\venv\lib\site-packages\django\template\base.py", line 977, in render
    return SafeString(''.join([
  File "C:\MyDoc\IT\MyRepositories\NewsPortal\venv\lib\site-packages\django\template\base.py", line 978, in <listcomp>
    node.render_annotated(context) for node in self
  File "C:\MyDoc\IT\MyRepositories\NewsPortal\venv\lib\site-packages\django\template\base.py", line 938, in render_annotated
    return self.render(context)
  File "C:\MyDoc\IT\MyRepositories\NewsPortal\venv\lib\site-packages\django\template\loader_tags.py", line 153, in render
    return compiled_parent._render(context)
  File "C:\MyDoc\IT\MyRepositories\NewsPortal\venv\lib\site-packages\django\template\base.py", line 168, in _render
    return self.nodelist.render(context)
  File "C:\MyDoc\IT\MyRepositories\NewsPortal\venv\lib\site-packages\django\template\base.py", line 977, in render
    return SafeString(''.join([
  File "C:\MyDoc\IT\MyRepositories\NewsPortal\venv\lib\site-packages\django\template\base.py", line 978, in <listcomp>
    node.render_annotated(context) for node in self
  File "C:\MyDoc\IT\MyRepositories\NewsPortal\venv\lib\site-packages\django\template\base.py", line 938, in render_annotated
    return self.render(context)
  File "C:\MyDoc\IT\MyRepositories\NewsPortal\venv\lib\site-packages\django\template\loader_tags.py", line 189, in render
    template = context.template.engine.select_template(template_name)
  File "C:\MyDoc\IT\MyRepositories\NewsPortal\venv\lib\site-packages\django\template\engine.py", line 194, in select_template
    return self.get_template(template_name)
  File "C:\MyDoc\IT\MyRepositories\NewsPortal\venv\lib\site-packages\django\template\engine.py", line 163, in get_template
    template, origin = self.find_template(template_name)
  File "C:\MyDoc\IT\MyRepositories\NewsPortal\venv\lib\site-packages\django\template\engine.py", line 145, in find_template
    template = loader.get_template(name, skip=skip)
  File "C:\MyDoc\IT\MyRepositories\NewsPortal\venv\lib\site-packages\django\template\loaders\base.py", line 29, in get_template
    return Template(
  File "C:\MyDoc\IT\MyRepositories\NewsPortal\venv\lib\site-packages\django\template\base.py", line 155, in __init__
    self.nodelist = self.compile_nodelist()
  File "C:\MyDoc\IT\MyRepositories\NewsPortal\venv\lib\site-packages\django\template\base.py", line 199, in compile_nodelist
    return parser.parse()
  File "C:\MyDoc\IT\MyRepositories\NewsPortal\venv\lib\site-packages\django\template\base.py", line 502, in parse
    self.invalid_block_tag(token, command, parse_until)
  File "C:\MyDoc\IT\MyRepositories\NewsPortal\venv\lib\site-packages\django\template\base.py", line 561, in invalid_block_tag
    raise self.error(
django.template.exceptions.TemplateSyntaxError: Invalid block tag on line 44: 'endcache'. Did you forget to register or load this tag?
ERROR 2022-04-20 20:14:38,597 C:\MyDoc\IT\MyRepositories\NewsPortal\venv\lib\site-packages\django\core\servers\basehttp.py None "GET /ru/news/ HTTP/1.1" 500 203987
ERROR 2022-04-21 01:08:30,701 C:\MyDoc\IT\MyRepositories\NewsPortal\venv\lib\site-packages\django\utils\log.py (<class 'news.models.Category.DoesNotExist'>, DoesNotExist('Category matching query does not exist.'), <traceback object at 0x000000BF37DDE500>) Internal Server Error: /ru/news/category/Technology/
Traceback (most recent call last):
  File "C:\MyDoc\IT\MyRepositories\NewsPortal\venv\lib\site-packages\django\core\handlers\exception.py", line 47, in inner
    response = get_response(request)
  File "C:\MyDoc\IT\MyRepositories\NewsPortal\venv\lib\site-packages\django\core\handlers\base.py", line 181, in _get_response
    response = wrapped_callback(request, *callback_args, **callback_kwargs)
  File "C:\MyDoc\IT\MyRepositories\NewsPortal\venv\lib\site-packages\django\utils\decorators.py", line 130, in _wrapped_view
    response = view_func(request, *args, **kwargs)
  File "C:\MyDoc\IT\MyRepositories\NewsPortal\venv\lib\site-packages\django\views\generic\base.py", line 69, in view
    return self.dispatch(request, *args, **kwargs)
  File "C:\MyDoc\IT\MyRepositories\NewsPortal\venv\lib\site-packages\django\views\generic\base.py", line 101, in dispatch
    return handler(request, *args, **kwargs)
  File "C:\MyDoc\IT\MyRepositories\NewsPortal\venv\lib\site-packages\django\views\generic\list.py", line 157, in get
    context = self.get_context_data()
  File "C:\MyDoc\IT\MyRepositories\NewsPortal\newspaper\news\views.py", line 66, in get_context_data
    category = Category.objects.get(name=self.kwargs['name'])
  File "C:\MyDoc\IT\MyRepositories\NewsPortal\venv\lib\site-packages\django\db\models\manager.py", line 85, in manager_method
    return getattr(self.get_queryset(), name)(*args, **kwargs)
  File "C:\MyDoc\IT\MyRepositories\NewsPortal\venv\lib\site-packages\django\db\models\query.py", line 439, in get
    raise self.model.DoesNotExist(
news.models.Category.DoesNotExist: Category matching query does not exist.
ERROR 2022-04-21 01:08:30,709 C:\MyDoc\IT\MyRepositories\NewsPortal\venv\lib\site-packages\django\core\servers\basehttp.py None "GET /ru/news/category/Technology/ HTTP/1.1" 500 96781
ERROR 2022-04-21 01:20:23,245 C:\MyDoc\IT\MyRepositories\NewsPortal\venv\lib\site-packages\django\utils\log.py (<class 'news.models.Category.DoesNotExist'>, DoesNotExist('Category matching query does not exist.'), <traceback object at 0x000000BF38454CC0>) Internal Server Error: /ru/news/category/Technology/
Traceback (most recent call last):
  File "C:\MyDoc\IT\MyRepositories\NewsPortal\venv\lib\site-packages\django\core\handlers\exception.py", line 47, in inner
    response = get_response(request)
  File "C:\MyDoc\IT\MyRepositories\NewsPortal\venv\lib\site-packages\django\core\handlers\base.py", line 181, in _get_response
    response = wrapped_callback(request, *callback_args, **callback_kwargs)
  File "C:\MyDoc\IT\MyRepositories\NewsPortal\venv\lib\site-packages\django\utils\decorators.py", line 130, in _wrapped_view
    response = view_func(request, *args, **kwargs)
  File "C:\MyDoc\IT\MyRepositories\NewsPortal\venv\lib\site-packages\django\views\generic\base.py", line 69, in view
    return self.dispatch(request, *args, **kwargs)
  File "C:\MyDoc\IT\MyRepositories\NewsPortal\venv\lib\site-packages\django\views\generic\base.py", line 101, in dispatch
    return handler(request, *args, **kwargs)
  File "C:\MyDoc\IT\MyRepositories\NewsPortal\venv\lib\site-packages\django\views\generic\list.py", line 157, in get
    context = self.get_context_data()
  File "C:\MyDoc\IT\MyRepositories\NewsPortal\newspaper\news\views.py", line 66, in get_context_data
    category = Category.objects.get(name=self.kwargs['name'])
  File "C:\MyDoc\IT\MyRepositories\NewsPortal\venv\lib\site-packages\django\db\models\manager.py", line 85, in manager_method
    return getattr(self.get_queryset(), name)(*args, **kwargs)
  File "C:\MyDoc\IT\MyRepositories\NewsPortal\venv\lib\site-packages\django\db\models\query.py", line 439, in get
    raise self.model.DoesNotExist(
news.models.Category.DoesNotExist: Category matching query does not exist.
ERROR 2022-04-21 01:20:23,254 C:\MyDoc\IT\MyRepositories\NewsPortal\venv\lib\site-packages\django\core\servers\basehttp.py None "GET /ru/news/category/Technology/ HTTP/1.1" 500 96781
ERROR 2022-04-21 01:26:21,934 C:\MyDoc\IT\MyRepositories\NewsPortal\venv\lib\site-packages\django\utils\log.py (<class 'news.models.Category.DoesNotExist'>, DoesNotExist('Category matching query does not exist.'), <traceback object at 0x000000BF38100EC0>) Internal Server Error: /en/news/category/Спорт/
Traceback (most recent call last):
  File "C:\MyDoc\IT\MyRepositories\NewsPortal\venv\lib\site-packages\django\core\handlers\exception.py", line 47, in inner
    response = get_response(request)
  File "C:\MyDoc\IT\MyRepositories\NewsPortal\venv\lib\site-packages\django\core\handlers\base.py", line 181, in _get_response
    response = wrapped_callback(request, *callback_args, **callback_kwargs)
  File "C:\MyDoc\IT\MyRepositories\NewsPortal\venv\lib\site-packages\django\utils\decorators.py", line 130, in _wrapped_view
    response = view_func(request, *args, **kwargs)
  File "C:\MyDoc\IT\MyRepositories\NewsPortal\venv\lib\site-packages\django\views\generic\base.py", line 69, in view
    return self.dispatch(request, *args, **kwargs)
  File "C:\MyDoc\IT\MyRepositories\NewsPortal\venv\lib\site-packages\django\views\generic\base.py", line 101, in dispatch
    return handler(request, *args, **kwargs)
  File "C:\MyDoc\IT\MyRepositories\NewsPortal\venv\lib\site-packages\django\views\generic\list.py", line 157, in get
    context = self.get_context_data()
  File "C:\MyDoc\IT\MyRepositories\NewsPortal\newspaper\news\views.py", line 66, in get_context_data
    category = Category.objects.get(name=self.kwargs['name'])
  File "C:\MyDoc\IT\MyRepositories\NewsPortal\venv\lib\site-packages\django\db\models\manager.py", line 85, in manager_method
    return getattr(self.get_queryset(), name)(*args, **kwargs)
  File "C:\MyDoc\IT\MyRepositories\NewsPortal\venv\lib\site-packages\django\db\models\query.py", line 439, in get
    raise self.model.DoesNotExist(
news.models.Category.DoesNotExist: Category matching query does not exist.
ERROR 2022-04-21 01:26:21,943 C:\MyDoc\IT\MyRepositories\NewsPortal\venv\lib\site-packages\django\core\servers\basehttp.py None "GET /en/news/category/%D0%A1%D0%BF%D0%BE%D1%80%D1%82/ HTTP/1.1" 500 96926
ERROR 2022-04-21 01:31:33,751 C:\MyDoc\IT\MyRepositories\NewsPortal\venv\lib\site-packages\django\utils\log.py (<class 'news.models.Category.DoesNotExist'>, DoesNotExist('Category matching query does not exist.'), <traceback object at 0x000000BF377B47C0>) Internal Server Error: /en/news/category/Бизнес/
Traceback (most recent call last):
  File "C:\MyDoc\IT\MyRepositories\NewsPortal\venv\lib\site-packages\django\core\handlers\exception.py", line 47, in inner
    response = get_response(request)
  File "C:\MyDoc\IT\MyRepositories\NewsPortal\venv\lib\site-packages\django\core\handlers\base.py", line 181, in _get_response
    response = wrapped_callback(request, *callback_args, **callback_kwargs)
  File "C:\MyDoc\IT\MyRepositories\NewsPortal\venv\lib\site-packages\django\utils\decorators.py", line 130, in _wrapped_view
    response = view_func(request, *args, **kwargs)
  File "C:\MyDoc\IT\MyRepositories\NewsPortal\venv\lib\site-packages\django\views\generic\base.py", line 69, in view
    return self.dispatch(request, *args, **kwargs)
  File "C:\MyDoc\IT\MyRepositories\NewsPortal\venv\lib\site-packages\django\views\generic\base.py", line 101, in dispatch
    return handler(request, *args, **kwargs)
  File "C:\MyDoc\IT\MyRepositories\NewsPortal\venv\lib\site-packages\django\views\generic\list.py", line 157, in get
    context = self.get_context_data()
  File "C:\MyDoc\IT\MyRepositories\NewsPortal\newspaper\news\views.py", line 66, in get_context_data
    category = Category.objects.get(name=self.kwargs['name'])
  File "C:\MyDoc\IT\MyRepositories\NewsPortal\venv\lib\site-packages\django\db\models\manager.py", line 85, in manager_method
    return getattr(self.get_queryset(), name)(*args, **kwargs)
  File "C:\MyDoc\IT\MyRepositories\NewsPortal\venv\lib\site-packages\django\db\models\query.py", line 439, in get
    raise self.model.DoesNotExist(
news.models.Category.DoesNotExist: Category matching query does not exist.
ERROR 2022-04-21 01:31:33,756 C:\MyDoc\IT\MyRepositories\NewsPortal\venv\lib\site-packages\django\core\servers\basehttp.py None "GET /en/news/category/%D0%91%D0%B8%D0%B7%D0%BD%D0%B5%D1%81/ HTTP/1.1" 500 96799
ERROR 2022-04-21 01:32:40,062 C:\MyDoc\IT\MyRepositories\NewsPortal\venv\lib\site-packages\django\utils\log.py (<class 'news.models.Category.DoesNotExist'>, DoesNotExist('Category matching query does not exist.'), <traceback object at 0x000000BF3800EE00>) Internal Server Error: /ru/news/category/Politics/
Traceback (most recent call last):
  File "C:\MyDoc\IT\MyRepositories\NewsPortal\venv\lib\site-packages\django\core\handlers\exception.py", line 47, in inner
    response = get_response(request)
  File "C:\MyDoc\IT\MyRepositories\NewsPortal\venv\lib\site-packages\django\core\handlers\base.py", line 181, in _get_response
    response = wrapped_callback(request, *callback_args, **callback_kwargs)
  File "C:\MyDoc\IT\MyRepositories\NewsPortal\venv\lib\site-packages\django\utils\decorators.py", line 130, in _wrapped_view
    response = view_func(request, *args, **kwargs)
  File "C:\MyDoc\IT\MyRepositories\NewsPortal\venv\lib\site-packages\django\views\generic\base.py", line 69, in view
    return self.dispatch(request, *args, **kwargs)
  File "C:\MyDoc\IT\MyRepositories\NewsPortal\venv\lib\site-packages\django\views\generic\base.py", line 101, in dispatch
    return handler(request, *args, **kwargs)
  File "C:\MyDoc\IT\MyRepositories\NewsPortal\venv\lib\site-packages\django\views\generic\list.py", line 157, in get
    context = self.get_context_data()
  File "C:\MyDoc\IT\MyRepositories\NewsPortal\newspaper\news\views.py", line 66, in get_context_data
    category = Category.objects.get(name=self.kwargs['name'])
  File "C:\MyDoc\IT\MyRepositories\NewsPortal\venv\lib\site-packages\django\db\models\manager.py", line 85, in manager_method
    return getattr(self.get_queryset(), name)(*args, **kwargs)
  File "C:\MyDoc\IT\MyRepositories\NewsPortal\venv\lib\site-packages\django\db\models\query.py", line 439, in get
    raise self.model.DoesNotExist(
news.models.Category.DoesNotExist: Category matching query does not exist.
ERROR 2022-04-21 01:32:40,068 C:\MyDoc\IT\MyRepositories\NewsPortal\venv\lib\site-packages\django\core\servers\basehttp.py None "GET /ru/news/category/Politics/ HTTP/1.1" 500 96740
ERROR 2022-04-22 00:13:01,263 C:\MyDoc\IT\MyRepositories\NewsPortal\venv\lib\site-packages\django\utils\log.py (<class 'news.models.Category.DoesNotExist'>, DoesNotExist('Category matching query does not exist.'), <traceback object at 0x0000000AFD1C9D80>) Internal Server Error: /en/news/category/Политика/
Traceback (most recent call last):
  File "C:\MyDoc\IT\MyRepositories\NewsPortal\venv\lib\site-packages\django\core\handlers\exception.py", line 47, in inner
    response = get_response(request)
  File "C:\MyDoc\IT\MyRepositories\NewsPortal\venv\lib\site-packages\django\core\handlers\base.py", line 181, in _get_response
    response = wrapped_callback(request, *callback_args, **callback_kwargs)
  File "C:\MyDoc\IT\MyRepositories\NewsPortal\venv\lib\site-packages\django\utils\decorators.py", line 130, in _wrapped_view
    response = view_func(request, *args, **kwargs)
  File "C:\MyDoc\IT\MyRepositories\NewsPortal\venv\lib\site-packages\django\views\generic\base.py", line 69, in view
    return self.dispatch(request, *args, **kwargs)
  File "C:\MyDoc\IT\MyRepositories\NewsPortal\venv\lib\site-packages\django\views\generic\base.py", line 101, in dispatch
    return handler(request, *args, **kwargs)
  File "C:\MyDoc\IT\MyRepositories\NewsPortal\venv\lib\site-packages\django\views\generic\list.py", line 157, in get
    context = self.get_context_data()
  File "C:\MyDoc\IT\MyRepositories\NewsPortal\newspaper\news\views.py", line 66, in get_context_data
    category = Category.objects.get(name=self.kwargs['name'])
  File "C:\MyDoc\IT\MyRepositories\NewsPortal\venv\lib\site-packages\django\db\models\manager.py", line 85, in manager_method
    return getattr(self.get_queryset(), name)(*args, **kwargs)
  File "C:\MyDoc\IT\MyRepositories\NewsPortal\venv\lib\site-packages\django\db\models\query.py", line 439, in get
    raise self.model.DoesNotExist(
news.models.Category.DoesNotExist: Category matching query does not exist.
ERROR 2022-04-22 00:13:01,271 C:\MyDoc\IT\MyRepositories\NewsPortal\venv\lib\site-packages\django\core\servers\basehttp.py None "GET /en/news/category/%D0%9F%D0%BE%D0%BB%D0%B8%D1%82%D0%B8%D0%BA%D0%B0/ HTTP/1.1" 500 96872
ERROR 2022-04-22 00:13:13,835 C:\MyDoc\IT\MyRepositories\NewsPortal\venv\lib\site-packages\django\utils\log.py (<class 'django.template.exceptions.TemplateSyntaxError'>, TemplateSyntaxError("Invalid block tag on line 38: 'endcache', expected 'empty' or 'endfor'. Did you forget to register or load this tag?"), <traceback object at 0x0000000AFD301500>) Internal Server Error: /ru/news/
Traceback (most recent call last):
  File "C:\MyDoc\IT\MyRepositories\NewsPortal\venv\lib\site-packages\django\template\base.py", line 500, in parse
    compile_func = self.tags[command]
KeyError: 'endcache'

During handling of the above exception, another exception occurred:

Traceback (most recent call last):
  File "C:\MyDoc\IT\MyRepositories\NewsPortal\venv\lib\site-packages\django\core\handlers\exception.py", line 47, in inner
    response = get_response(request)
  File "C:\MyDoc\IT\MyRepositories\NewsPortal\venv\lib\site-packages\django\core\handlers\base.py", line 204, in _get_response
    response = response.render()
  File "C:\MyDoc\IT\MyRepositories\NewsPortal\venv\lib\site-packages\django\template\response.py", line 105, in render
    self.content = self.rendered_content
  File "C:\MyDoc\IT\MyRepositories\NewsPortal\venv\lib\site-packages\django\template\response.py", line 83, in rendered_content
    return template.render(context, self._request)
  File "C:\MyDoc\IT\MyRepositories\NewsPortal\venv\lib\site-packages\django\template\backends\django.py", line 61, in render
    return self.template.render(context)
  File "C:\MyDoc\IT\MyRepositories\NewsPortal\venv\lib\site-packages\django\template\base.py", line 176, in render
    return self._render(context)
  File "C:\MyDoc\IT\MyRepositories\NewsPortal\venv\lib\site-packages\django\template\base.py", line 168, in _render
    return self.nodelist.render(context)
  File "C:\MyDoc\IT\MyRepositories\NewsPortal\venv\lib\site-packages\django\template\base.py", line 977, in render
    return SafeString(''.join([
  File "C:\MyDoc\IT\MyRepositories\NewsPortal\venv\lib\site-packages\django\template\base.py", line 978, in <listcomp>
    node.render_annotated(context) for node in self
  File "C:\MyDoc\IT\MyRepositories\NewsPortal\venv\lib\site-packages\django\template\base.py", line 938, in render_annotated
    return self.render(context)
  File "C:\MyDoc\IT\MyRepositories\NewsPortal\venv\lib\site-packages\django\template\loader_tags.py", line 130, in render
    compiled_parent = self.get_parent(context)
  File "C:\MyDoc\IT\MyRepositories\NewsPortal\venv\lib\site-packages\django\template\loader_tags.py", line 127, in get_parent
    return self.find_template(parent, context)
  File "C:\MyDoc\IT\MyRepositories\NewsPortal\venv\lib\site-packages\django\template\loader_tags.py", line 106, in find_template
    template, origin = context.template.engine.find_template(
  File "C:\MyDoc\IT\MyRepositories\NewsPortal\venv\lib\site-packages\django\template\engine.py", line 145, in find_template
    template = loader.get_template(name, skip=skip)
  File "C:\MyDoc\IT\MyRepositories\NewsPortal\venv\lib\site-packages\django\template\loaders\base.py", line 29, in get_template
    return Template(
  File "C:\MyDoc\IT\MyRepositories\NewsPortal\venv\lib\site-packages\django\template\base.py", line 155, in __init__
    self.nodelist = self.compile_nodelist()
  File "C:\MyDoc\IT\MyRepositories\NewsPortal\venv\lib\site-packages\django\template\base.py", line 199, in compile_nodelist
    return parser.parse()
  File "C:\MyDoc\IT\MyRepositories\NewsPortal\venv\lib\site-packages\django\template\base.py", line 508, in parse
    raise self.error(token, e)
  File "C:\MyDoc\IT\MyRepositories\NewsPortal\venv\lib\site-packages\django\template\base.py", line 506, in parse
    compiled_result = compile_func(self, token)
  File "C:\MyDoc\IT\MyRepositories\NewsPortal\venv\lib\site-packages\django\template\defaulttags.py", line 810, in do_for
    nodelist_loop = parser.parse(('empty', 'endfor',))
  File "C:\MyDoc\IT\MyRepositories\NewsPortal\venv\lib\site-packages\django\template\base.py", line 502, in parse
    self.invalid_block_tag(token, command, parse_until)
  File "C:\MyDoc\IT\MyRepositories\NewsPortal\venv\lib\site-packages\django\template\base.py", line 552, in invalid_block_tag
    raise self.error(
django.template.exceptions.TemplateSyntaxError: Invalid block tag on line 38: 'endcache', expected 'empty' or 'endfor'. Did you forget to register or load this tag?
ERROR 2022-04-22 00:13:13,845 C:\MyDoc\IT\MyRepositories\NewsPortal\venv\lib\site-packages\django\core\servers\basehttp.py None "GET /ru/news/ HTTP/1.1" 500 197049
ERROR 2022-04-22 00:23:16,185 C:\MyDoc\IT\MyRepositories\NewsPortal\venv\lib\site-packages\django\utils\log.py (<class 'news.models.Category.DoesNotExist'>, DoesNotExist('Category matching query does not exist.'), <traceback object at 0x0000000AFDAF75C0>) Internal Server Error: /ru/news/category/Politics/
Traceback (most recent call last):
  File "C:\MyDoc\IT\MyRepositories\NewsPortal\venv\lib\site-packages\django\core\handlers\exception.py", line 47, in inner
    response = get_response(request)
  File "C:\MyDoc\IT\MyRepositories\NewsPortal\venv\lib\site-packages\django\core\handlers\base.py", line 181, in _get_response
    response = wrapped_callback(request, *callback_args, **callback_kwargs)
  File "C:\MyDoc\IT\MyRepositories\NewsPortal\venv\lib\site-packages\django\utils\decorators.py", line 130, in _wrapped_view
    response = view_func(request, *args, **kwargs)
  File "C:\MyDoc\IT\MyRepositories\NewsPortal\venv\lib\site-packages\django\views\generic\base.py", line 69, in view
    return self.dispatch(request, *args, **kwargs)
  File "C:\MyDoc\IT\MyRepositories\NewsPortal\venv\lib\site-packages\django\views\generic\base.py", line 101, in dispatch
    return handler(request, *args, **kwargs)
  File "C:\MyDoc\IT\MyRepositories\NewsPortal\venv\lib\site-packages\django\views\generic\list.py", line 157, in get
    context = self.get_context_data()
  File "C:\MyDoc\IT\MyRepositories\NewsPortal\newspaper\news\views.py", line 66, in get_context_data
    category = Category.objects.get(name=self.kwargs['name'])
  File "C:\MyDoc\IT\MyRepositories\NewsPortal\venv\lib\site-packages\django\db\models\manager.py", line 85, in manager_method
    return getattr(self.get_queryset(), name)(*args, **kwargs)
  File "C:\MyDoc\IT\MyRepositories\NewsPortal\venv\lib\site-packages\django\db\models\query.py", line 439, in get
    raise self.model.DoesNotExist(
news.models.Category.DoesNotExist: Category matching query does not exist.
ERROR 2022-04-22 00:23:16,190 C:\MyDoc\IT\MyRepositories\NewsPortal\venv\lib\site-packages\django\core\servers\basehttp.py None "GET /ru/news/category/Politics/ HTTP/1.1" 500 96434
ERROR 2022-04-22 00:39:28,158 C:\MyDoc\IT\MyRepositories\NewsPortal\venv\lib\site-packages\django\utils\log.py (<class 'news.models.Category.DoesNotExist'>, DoesNotExist('Category matching query does not exist.'), <traceback object at 0x000000CDFD970F00>) Internal Server Error: /ru/news/category/Politics/
Traceback (most recent call last):
  File "C:\MyDoc\IT\MyRepositories\NewsPortal\venv\lib\site-packages\django\core\handlers\exception.py", line 47, in inner
    response = get_response(request)
  File "C:\MyDoc\IT\MyRepositories\NewsPortal\venv\lib\site-packages\django\core\handlers\base.py", line 181, in _get_response
    response = wrapped_callback(request, *callback_args, **callback_kwargs)
  File "C:\MyDoc\IT\MyRepositories\NewsPortal\venv\lib\site-packages\django\views\generic\base.py", line 69, in view
    return self.dispatch(request, *args, **kwargs)
  File "C:\MyDoc\IT\MyRepositories\NewsPortal\venv\lib\site-packages\django\views\generic\base.py", line 101, in dispatch
    return handler(request, *args, **kwargs)
  File "C:\MyDoc\IT\MyRepositories\NewsPortal\venv\lib\site-packages\django\views\generic\list.py", line 157, in get
    context = self.get_context_data()
  File "C:\MyDoc\IT\MyRepositories\NewsPortal\newspaper\news\views.py", line 66, in get_context_data
    category = Category.objects.get(name=self.kwargs['name'])
  File "C:\MyDoc\IT\MyRepositories\NewsPortal\venv\lib\site-packages\django\db\models\manager.py", line 85, in manager_method
    return getattr(self.get_queryset(), name)(*args, **kwargs)
  File "C:\MyDoc\IT\MyRepositories\NewsPortal\venv\lib\site-packages\django\db\models\query.py", line 439, in get
    raise self.model.DoesNotExist(
news.models.Category.DoesNotExist: Category matching query does not exist.
ERROR 2022-04-22 00:39:28,165 C:\MyDoc\IT\MyRepositories\NewsPortal\venv\lib\site-packages\django\core\servers\basehttp.py None "GET /ru/news/category/Politics/ HTTP/1.1" 500 91952
ERROR 2022-04-22 00:46:33,734 C:\MyDoc\IT\MyRepositories\NewsPortal\venv\lib\site-packages\django\utils\log.py (<class 'news.models.Category.DoesNotExist'>, DoesNotExist('Category matching query does not exist.'), <traceback object at 0x000000CDFD971740>) Internal Server Error: /ru/news/category/Technology/
Traceback (most recent call last):
  File "C:\MyDoc\IT\MyRepositories\NewsPortal\venv\lib\site-packages\django\core\handlers\exception.py", line 47, in inner
    response = get_response(request)
  File "C:\MyDoc\IT\MyRepositories\NewsPortal\venv\lib\site-packages\django\core\handlers\base.py", line 181, in _get_response
    response = wrapped_callback(request, *callback_args, **callback_kwargs)
  File "C:\MyDoc\IT\MyRepositories\NewsPortal\venv\lib\site-packages\django\views\generic\base.py", line 69, in view
    return self.dispatch(request, *args, **kwargs)
  File "C:\MyDoc\IT\MyRepositories\NewsPortal\venv\lib\site-packages\django\views\generic\base.py", line 101, in dispatch
    return handler(request, *args, **kwargs)
  File "C:\MyDoc\IT\MyRepositories\NewsPortal\venv\lib\site-packages\django\views\generic\list.py", line 157, in get
    context = self.get_context_data()
  File "C:\MyDoc\IT\MyRepositories\NewsPortal\newspaper\news\views.py", line 66, in get_context_data
    category = Category.objects.get(name=self.kwargs['name'])
  File "C:\MyDoc\IT\MyRepositories\NewsPortal\venv\lib\site-packages\django\db\models\manager.py", line 85, in manager_method
    return getattr(self.get_queryset(), name)(*args, **kwargs)
  File "C:\MyDoc\IT\MyRepositories\NewsPortal\venv\lib\site-packages\django\db\models\query.py", line 439, in get
    raise self.model.DoesNotExist(
news.models.Category.DoesNotExist: Category matching query does not exist.
ERROR 2022-04-22 00:46:33,739 C:\MyDoc\IT\MyRepositories\NewsPortal\venv\lib\site-packages\django\core\servers\basehttp.py None "GET /ru/news/category/Technology/ HTTP/1.1" 500 91987
ERROR 2022-04-22 01:33:42,918 C:\MyDoc\IT\MyRepositories\NewsPortal\venv\lib\site-packages\django\utils\log.py (<class 'news.models.Category.DoesNotExist'>, DoesNotExist('Category matching query does not exist.'), <traceback object at 0x0000002E657AEA80>) Internal Server Error: /ru/news/category/Business/
Traceback (most recent call last):
  File "C:\MyDoc\IT\MyRepositories\NewsPortal\venv\lib\site-packages\django\core\handlers\exception.py", line 47, in inner
    response = get_response(request)
  File "C:\MyDoc\IT\MyRepositories\NewsPortal\venv\lib\site-packages\django\core\handlers\base.py", line 181, in _get_response
    response = wrapped_callback(request, *callback_args, **callback_kwargs)
  File "C:\MyDoc\IT\MyRepositories\NewsPortal\venv\lib\site-packages\django\views\generic\base.py", line 69, in view
    return self.dispatch(request, *args, **kwargs)
  File "C:\MyDoc\IT\MyRepositories\NewsPortal\venv\lib\site-packages\django\views\generic\base.py", line 101, in dispatch
    return handler(request, *args, **kwargs)
  File "C:\MyDoc\IT\MyRepositories\NewsPortal\venv\lib\site-packages\django\views\generic\list.py", line 157, in get
    context = self.get_context_data()
  File "C:\MyDoc\IT\MyRepositories\NewsPortal\newspaper\news\views.py", line 67, in get_context_data
    category = Category.objects.get(name=self.kwargs['name'])
  File "C:\MyDoc\IT\MyRepositories\NewsPortal\venv\lib\site-packages\django\db\models\manager.py", line 85, in manager_method
    return getattr(self.get_queryset(), name)(*args, **kwargs)
  File "C:\MyDoc\IT\MyRepositories\NewsPortal\venv\lib\site-packages\django\db\models\query.py", line 439, in get
    raise self.model.DoesNotExist(
news.models.Category.DoesNotExist: Category matching query does not exist.
ERROR 2022-04-22 01:33:42,923 C:\MyDoc\IT\MyRepositories\NewsPortal\venv\lib\site-packages\django\core\servers\basehttp.py None "GET /ru/news/category/Business/ HTTP/1.1" 500 92010
ERROR 2022-04-22 16:52:13,838 C:\MyDoc\IT\MyRepositories\NewsPortal\venv\lib\site-packages\django\utils\log.py (<class 'django.urls.exceptions.NoReverseMatch'>, NoReverseMatch("Reverse for 'incategory_list' with arguments '('Политика',)' not found. 1 pattern(s) tried: ['ru/news/category/(?P<slug>[-a-zA-Z0-9_]+)/\\\\Z']"), <traceback object at 0x0000005B60D39C80>) Internal Server Error: /ru/news/
Traceback (most recent call last):
  File "C:\MyDoc\IT\MyRepositories\NewsPortal\venv\lib\site-packages\django\core\handlers\exception.py", line 47, in inner
    response = get_response(request)
  File "C:\MyDoc\IT\MyRepositories\NewsPortal\venv\lib\site-packages\django\core\handlers\base.py", line 204, in _get_response
    response = response.render()
  File "C:\MyDoc\IT\MyRepositories\NewsPortal\venv\lib\site-packages\django\template\response.py", line 105, in render
    self.content = self.rendered_content
  File "C:\MyDoc\IT\MyRepositories\NewsPortal\venv\lib\site-packages\django\template\response.py", line 83, in rendered_content
    return template.render(context, self._request)
  File "C:\MyDoc\IT\MyRepositories\NewsPortal\venv\lib\site-packages\django\template\backends\django.py", line 61, in render
    return self.template.render(context)
  File "C:\MyDoc\IT\MyRepositories\NewsPortal\venv\lib\site-packages\django\template\base.py", line 176, in render
    return self._render(context)
  File "C:\MyDoc\IT\MyRepositories\NewsPortal\venv\lib\site-packages\django\template\base.py", line 168, in _render
    return self.nodelist.render(context)
  File "C:\MyDoc\IT\MyRepositories\NewsPortal\venv\lib\site-packages\django\template\base.py", line 977, in render
    return SafeString(''.join([
  File "C:\MyDoc\IT\MyRepositories\NewsPortal\venv\lib\site-packages\django\template\base.py", line 978, in <listcomp>
    node.render_annotated(context) for node in self
  File "C:\MyDoc\IT\MyRepositories\NewsPortal\venv\lib\site-packages\django\template\base.py", line 938, in render_annotated
    return self.render(context)
  File "C:\MyDoc\IT\MyRepositories\NewsPortal\venv\lib\site-packages\django\template\loader_tags.py", line 153, in render
    return compiled_parent._render(context)
  File "C:\MyDoc\IT\MyRepositories\NewsPortal\venv\lib\site-packages\django\template\base.py", line 168, in _render
    return self.nodelist.render(context)
  File "C:\MyDoc\IT\MyRepositories\NewsPortal\venv\lib\site-packages\django\template\base.py", line 977, in render
    return SafeString(''.join([
  File "C:\MyDoc\IT\MyRepositories\NewsPortal\venv\lib\site-packages\django\template\base.py", line 978, in <listcomp>
    node.render_annotated(context) for node in self
  File "C:\MyDoc\IT\MyRepositories\NewsPortal\venv\lib\site-packages\django\template\base.py", line 938, in render_annotated
    return self.render(context)
  File "C:\MyDoc\IT\MyRepositories\NewsPortal\venv\lib\site-packages\django\template\loader_tags.py", line 201, in render
    return template.render(context)
  File "C:\MyDoc\IT\MyRepositories\NewsPortal\venv\lib\site-packages\django\template\base.py", line 178, in render
    return self._render(context)
  File "C:\MyDoc\IT\MyRepositories\NewsPortal\venv\lib\site-packages\django\template\base.py", line 168, in _render
    return self.nodelist.render(context)
  File "C:\MyDoc\IT\MyRepositories\NewsPortal\venv\lib\site-packages\django\template\base.py", line 977, in render
    return SafeString(''.join([
  File "C:\MyDoc\IT\MyRepositories\NewsPortal\venv\lib\site-packages\django\template\base.py", line 978, in <listcomp>
    node.render_annotated(context) for node in self
  File "C:\MyDoc\IT\MyRepositories\NewsPortal\venv\lib\site-packages\django\template\base.py", line 938, in render_annotated
    return self.render(context)
  File "C:\MyDoc\IT\MyRepositories\NewsPortal\venv\lib\site-packages\django\template\defaulttags.py", line 214, in render
    nodelist.append(node.render_annotated(context))
  File "C:\MyDoc\IT\MyRepositories\NewsPortal\venv\lib\site-packages\django\template\base.py", line 938, in render_annotated
    return self.render(context)
  File "C:\MyDoc\IT\MyRepositories\NewsPortal\venv\lib\site-packages\django\template\defaulttags.py", line 442, in render
    url = reverse(view_name, args=args, kwargs=kwargs, current_app=current_app)
  File "C:\MyDoc\IT\MyRepositories\NewsPortal\venv\lib\site-packages\django\urls\base.py", line 86, in reverse
    return resolver._reverse_with_prefix(view, prefix, *args, **kwargs)
  File "C:\MyDoc\IT\MyRepositories\NewsPortal\venv\lib\site-packages\django\urls\resolvers.py", line 729, in _reverse_with_prefix
    raise NoReverseMatch(msg)
django.urls.exceptions.NoReverseMatch: Reverse for 'incategory_list' with arguments '('Политика',)' not found. 1 pattern(s) tried: ['ru/news/category/(?P<slug>[-a-zA-Z0-9_]+)/\\Z']
ERROR 2022-04-22 16:52:13,853 C:\MyDoc\IT\MyRepositories\NewsPortal\venv\lib\site-packages\django\core\servers\basehttp.py None "GET /ru/news/ HTTP/1.1" 500 201487
ERROR 2022-04-22 16:52:31,594 C:\MyDoc\IT\MyRepositories\NewsPortal\venv\lib\site-packages\django\utils\log.py (<class 'django.urls.exceptions.NoReverseMatch'>, NoReverseMatch("Reverse for 'incategory_list' with arguments '('Политика',)' not found. 1 pattern(s) tried: ['ru/news/category/(?P<slug>[-a-zA-Z0-9_]+)/\\\\Z']"), <traceback object at 0x0000005B60D7C380>) Internal Server Error: /ru/news/
Traceback (most recent call last):
  File "C:\MyDoc\IT\MyRepositories\NewsPortal\venv\lib\site-packages\django\core\handlers\exception.py", line 47, in inner
    response = get_response(request)
  File "C:\MyDoc\IT\MyRepositories\NewsPortal\venv\lib\site-packages\django\core\handlers\base.py", line 204, in _get_response
    response = response.render()
  File "C:\MyDoc\IT\MyRepositories\NewsPortal\venv\lib\site-packages\django\template\response.py", line 105, in render
    self.content = self.rendered_content
  File "C:\MyDoc\IT\MyRepositories\NewsPortal\venv\lib\site-packages\django\template\response.py", line 83, in rendered_content
    return template.render(context, self._request)
  File "C:\MyDoc\IT\MyRepositories\NewsPortal\venv\lib\site-packages\django\template\backends\django.py", line 61, in render
    return self.template.render(context)
  File "C:\MyDoc\IT\MyRepositories\NewsPortal\venv\lib\site-packages\django\template\base.py", line 176, in render
    return self._render(context)
  File "C:\MyDoc\IT\MyRepositories\NewsPortal\venv\lib\site-packages\django\template\base.py", line 168, in _render
    return self.nodelist.render(context)
  File "C:\MyDoc\IT\MyRepositories\NewsPortal\venv\lib\site-packages\django\template\base.py", line 977, in render
    return SafeString(''.join([
  File "C:\MyDoc\IT\MyRepositories\NewsPortal\venv\lib\site-packages\django\template\base.py", line 978, in <listcomp>
    node.render_annotated(context) for node in self
  File "C:\MyDoc\IT\MyRepositories\NewsPortal\venv\lib\site-packages\django\template\base.py", line 938, in render_annotated
    return self.render(context)
  File "C:\MyDoc\IT\MyRepositories\NewsPortal\venv\lib\site-packages\django\template\loader_tags.py", line 153, in render
    return compiled_parent._render(context)
  File "C:\MyDoc\IT\MyRepositories\NewsPortal\venv\lib\site-packages\django\template\base.py", line 168, in _render
    return self.nodelist.render(context)
  File "C:\MyDoc\IT\MyRepositories\NewsPortal\venv\lib\site-packages\django\template\base.py", line 977, in render
    return SafeString(''.join([
  File "C:\MyDoc\IT\MyRepositories\NewsPortal\venv\lib\site-packages\django\template\base.py", line 978, in <listcomp>
    node.render_annotated(context) for node in self
  File "C:\MyDoc\IT\MyRepositories\NewsPortal\venv\lib\site-packages\django\template\base.py", line 938, in render_annotated
    return self.render(context)
  File "C:\MyDoc\IT\MyRepositories\NewsPortal\venv\lib\site-packages\django\template\loader_tags.py", line 201, in render
    return template.render(context)
  File "C:\MyDoc\IT\MyRepositories\NewsPortal\venv\lib\site-packages\django\template\base.py", line 178, in render
    return self._render(context)
  File "C:\MyDoc\IT\MyRepositories\NewsPortal\venv\lib\site-packages\django\template\base.py", line 168, in _render
    return self.nodelist.render(context)
  File "C:\MyDoc\IT\MyRepositories\NewsPortal\venv\lib\site-packages\django\template\base.py", line 977, in render
    return SafeString(''.join([
  File "C:\MyDoc\IT\MyRepositories\NewsPortal\venv\lib\site-packages\django\template\base.py", line 978, in <listcomp>
    node.render_annotated(context) for node in self
  File "C:\MyDoc\IT\MyRepositories\NewsPortal\venv\lib\site-packages\django\template\base.py", line 938, in render_annotated
    return self.render(context)
  File "C:\MyDoc\IT\MyRepositories\NewsPortal\venv\lib\site-packages\django\template\defaulttags.py", line 214, in render
    nodelist.append(node.render_annotated(context))
  File "C:\MyDoc\IT\MyRepositories\NewsPortal\venv\lib\site-packages\django\template\base.py", line 938, in render_annotated
    return self.render(context)
  File "C:\MyDoc\IT\MyRepositories\NewsPortal\venv\lib\site-packages\django\template\defaulttags.py", line 442, in render
    url = reverse(view_name, args=args, kwargs=kwargs, current_app=current_app)
  File "C:\MyDoc\IT\MyRepositories\NewsPortal\venv\lib\site-packages\django\urls\base.py", line 86, in reverse
    return resolver._reverse_with_prefix(view, prefix, *args, **kwargs)
  File "C:\MyDoc\IT\MyRepositories\NewsPortal\venv\lib\site-packages\django\urls\resolvers.py", line 729, in _reverse_with_prefix
    raise NoReverseMatch(msg)
django.urls.exceptions.NoReverseMatch: Reverse for 'incategory_list' with arguments '('Политика',)' not found. 1 pattern(s) tried: ['ru/news/category/(?P<slug>[-a-zA-Z0-9_]+)/\\Z']
ERROR 2022-04-22 16:52:31,605 C:\MyDoc\IT\MyRepositories\NewsPortal\venv\lib\site-packages\django\core\servers\basehttp.py None "GET /ru/news/ HTTP/1.1" 500 201487
ERROR 2022-04-22 16:56:01,540 C:\MyDoc\IT\MyRepositories\NewsPortal\venv\lib\site-packages\django\utils\log.py (<class 'django.urls.exceptions.NoReverseMatch'>, NoReverseMatch("Reverse for 'incategory_list' with arguments '('Политика',)' not found. 1 pattern(s) tried: ['ru/news/category/(?P<slug>[-a-zA-Z0-9_]+)/\\\\Z']"), <traceback object at 0x0000005B60D8E1C0>) Internal Server Error: /ru/news/
Traceback (most recent call last):
  File "C:\MyDoc\IT\MyRepositories\NewsPortal\venv\lib\site-packages\django\core\handlers\exception.py", line 47, in inner
    response = get_response(request)
  File "C:\MyDoc\IT\MyRepositories\NewsPortal\venv\lib\site-packages\django\core\handlers\base.py", line 204, in _get_response
    response = response.render()
  File "C:\MyDoc\IT\MyRepositories\NewsPortal\venv\lib\site-packages\django\template\response.py", line 105, in render
    self.content = self.rendered_content
  File "C:\MyDoc\IT\MyRepositories\NewsPortal\venv\lib\site-packages\django\template\response.py", line 83, in rendered_content
    return template.render(context, self._request)
  File "C:\MyDoc\IT\MyRepositories\NewsPortal\venv\lib\site-packages\django\template\backends\django.py", line 61, in render
    return self.template.render(context)
  File "C:\MyDoc\IT\MyRepositories\NewsPortal\venv\lib\site-packages\django\template\base.py", line 176, in render
    return self._render(context)
  File "C:\MyDoc\IT\MyRepositories\NewsPortal\venv\lib\site-packages\django\template\base.py", line 168, in _render
    return self.nodelist.render(context)
  File "C:\MyDoc\IT\MyRepositories\NewsPortal\venv\lib\site-packages\django\template\base.py", line 977, in render
    return SafeString(''.join([
  File "C:\MyDoc\IT\MyRepositories\NewsPortal\venv\lib\site-packages\django\template\base.py", line 978, in <listcomp>
    node.render_annotated(context) for node in self
  File "C:\MyDoc\IT\MyRepositories\NewsPortal\venv\lib\site-packages\django\template\base.py", line 938, in render_annotated
    return self.render(context)
  File "C:\MyDoc\IT\MyRepositories\NewsPortal\venv\lib\site-packages\django\template\loader_tags.py", line 153, in render
    return compiled_parent._render(context)
  File "C:\MyDoc\IT\MyRepositories\NewsPortal\venv\lib\site-packages\django\template\base.py", line 168, in _render
    return self.nodelist.render(context)
  File "C:\MyDoc\IT\MyRepositories\NewsPortal\venv\lib\site-packages\django\template\base.py", line 977, in render
    return SafeString(''.join([
  File "C:\MyDoc\IT\MyRepositories\NewsPortal\venv\lib\site-packages\django\template\base.py", line 978, in <listcomp>
    node.render_annotated(context) for node in self
  File "C:\MyDoc\IT\MyRepositories\NewsPortal\venv\lib\site-packages\django\template\base.py", line 938, in render_annotated
    return self.render(context)
  File "C:\MyDoc\IT\MyRepositories\NewsPortal\venv\lib\site-packages\django\template\loader_tags.py", line 201, in render
    return template.render(context)
  File "C:\MyDoc\IT\MyRepositories\NewsPortal\venv\lib\site-packages\django\template\base.py", line 178, in render
    return self._render(context)
  File "C:\MyDoc\IT\MyRepositories\NewsPortal\venv\lib\site-packages\django\template\base.py", line 168, in _render
    return self.nodelist.render(context)
  File "C:\MyDoc\IT\MyRepositories\NewsPortal\venv\lib\site-packages\django\template\base.py", line 977, in render
    return SafeString(''.join([
  File "C:\MyDoc\IT\MyRepositories\NewsPortal\venv\lib\site-packages\django\template\base.py", line 978, in <listcomp>
    node.render_annotated(context) for node in self
  File "C:\MyDoc\IT\MyRepositories\NewsPortal\venv\lib\site-packages\django\template\base.py", line 938, in render_annotated
    return self.render(context)
  File "C:\MyDoc\IT\MyRepositories\NewsPortal\venv\lib\site-packages\django\template\defaulttags.py", line 214, in render
    nodelist.append(node.render_annotated(context))
  File "C:\MyDoc\IT\MyRepositories\NewsPortal\venv\lib\site-packages\django\template\base.py", line 938, in render_annotated
    return self.render(context)
  File "C:\MyDoc\IT\MyRepositories\NewsPortal\venv\lib\site-packages\django\template\defaulttags.py", line 442, in render
    url = reverse(view_name, args=args, kwargs=kwargs, current_app=current_app)
  File "C:\MyDoc\IT\MyRepositories\NewsPortal\venv\lib\site-packages\django\urls\base.py", line 86, in reverse
    return resolver._reverse_with_prefix(view, prefix, *args, **kwargs)
  File "C:\MyDoc\IT\MyRepositories\NewsPortal\venv\lib\site-packages\django\urls\resolvers.py", line 729, in _reverse_with_prefix
    raise NoReverseMatch(msg)
django.urls.exceptions.NoReverseMatch: Reverse for 'incategory_list' with arguments '('Политика',)' not found. 1 pattern(s) tried: ['ru/news/category/(?P<slug>[-a-zA-Z0-9_]+)/\\Z']
ERROR 2022-04-22 16:56:01,549 C:\MyDoc\IT\MyRepositories\NewsPortal\venv\lib\site-packages\django\core\servers\basehttp.py None "GET /ru/news/ HTTP/1.1" 500 201624
ERROR 2022-04-22 16:58:46,723 C:\MyDoc\IT\MyRepositories\NewsPortal\venv\lib\site-packages\django\utils\log.py (<class 'KeyError'>, KeyError('name'), <traceback object at 0x000000D8DD9D3900>) Internal Server Error: /en/news/category/politics/
Traceback (most recent call last):
  File "C:\MyDoc\IT\MyRepositories\NewsPortal\venv\lib\site-packages\django\core\handlers\exception.py", line 47, in inner
    response = get_response(request)
  File "C:\MyDoc\IT\MyRepositories\NewsPortal\venv\lib\site-packages\django\core\handlers\base.py", line 181, in _get_response
    response = wrapped_callback(request, *callback_args, **callback_kwargs)
  File "C:\MyDoc\IT\MyRepositories\NewsPortal\venv\lib\site-packages\django\views\generic\base.py", line 69, in view
    return self.dispatch(request, *args, **kwargs)
  File "C:\MyDoc\IT\MyRepositories\NewsPortal\venv\lib\site-packages\django\views\generic\base.py", line 101, in dispatch
    return handler(request, *args, **kwargs)
  File "C:\MyDoc\IT\MyRepositories\NewsPortal\venv\lib\site-packages\django\views\generic\list.py", line 157, in get
    context = self.get_context_data()
  File "C:\MyDoc\IT\MyRepositories\NewsPortal\newspaper\news\views.py", line 72, in get_context_data
    'category': self.kwargs['name'],
KeyError: 'name'
ERROR 2022-04-22 16:58:46,728 C:\MyDoc\IT\MyRepositories\NewsPortal\venv\lib\site-packages\django\core\servers\basehttp.py None "GET /en/news/category/politics/ HTTP/1.1" 500 83410
ERROR 2022-04-22 17:05:37,532 C:\MyDoc\IT\MyRepositories\NewsPortal\venv\lib\site-packages\django\utils\log.py (<class 'django.urls.exceptions.NoReverseMatch'>, NoReverseMatch("Reverse for 'subscribe' with arguments '('Бизнес',)' not found. 1 pattern(s) tried: ['ru/news/category/(?P<slug>[-a-zA-Z0-9_]+)/subscribe/\\\\Z']"), <traceback object at 0x0000006D95B3BC00>) Internal Server Error: /ru/news/category/business/
Traceback (most recent call last):
  File "C:\MyDoc\IT\MyRepositories\NewsPortal\venv\lib\site-packages\django\core\handlers\exception.py", line 47, in inner
    response = get_response(request)
  File "C:\MyDoc\IT\MyRepositories\NewsPortal\venv\lib\site-packages\django\core\handlers\base.py", line 204, in _get_response
    response = response.render()
  File "C:\MyDoc\IT\MyRepositories\NewsPortal\venv\lib\site-packages\django\template\response.py", line 105, in render
    self.content = self.rendered_content
  File "C:\MyDoc\IT\MyRepositories\NewsPortal\venv\lib\site-packages\django\template\response.py", line 83, in rendered_content
    return template.render(context, self._request)
  File "C:\MyDoc\IT\MyRepositories\NewsPortal\venv\lib\site-packages\django\template\backends\django.py", line 61, in render
    return self.template.render(context)
  File "C:\MyDoc\IT\MyRepositories\NewsPortal\venv\lib\site-packages\django\template\base.py", line 176, in render
    return self._render(context)
  File "C:\MyDoc\IT\MyRepositories\NewsPortal\venv\lib\site-packages\django\template\base.py", line 168, in _render
    return self.nodelist.render(context)
  File "C:\MyDoc\IT\MyRepositories\NewsPortal\venv\lib\site-packages\django\template\base.py", line 977, in render
    return SafeString(''.join([
  File "C:\MyDoc\IT\MyRepositories\NewsPortal\venv\lib\site-packages\django\template\base.py", line 978, in <listcomp>
    node.render_annotated(context) for node in self
  File "C:\MyDoc\IT\MyRepositories\NewsPortal\venv\lib\site-packages\django\template\base.py", line 938, in render_annotated
    return self.render(context)
  File "C:\MyDoc\IT\MyRepositories\NewsPortal\venv\lib\site-packages\django\template\loader_tags.py", line 153, in render
    return compiled_parent._render(context)
  File "C:\MyDoc\IT\MyRepositories\NewsPortal\venv\lib\site-packages\django\template\base.py", line 168, in _render
    return self.nodelist.render(context)
  File "C:\MyDoc\IT\MyRepositories\NewsPortal\venv\lib\site-packages\django\template\base.py", line 977, in render
    return SafeString(''.join([
  File "C:\MyDoc\IT\MyRepositories\NewsPortal\venv\lib\site-packages\django\template\base.py", line 978, in <listcomp>
    node.render_annotated(context) for node in self
  File "C:\MyDoc\IT\MyRepositories\NewsPortal\venv\lib\site-packages\django\template\base.py", line 938, in render_annotated
    return self.render(context)
  File "C:\MyDoc\IT\MyRepositories\NewsPortal\venv\lib\site-packages\django\template\loader_tags.py", line 65, in render
    result = block.nodelist.render(context)
  File "C:\MyDoc\IT\MyRepositories\NewsPortal\venv\lib\site-packages\django\template\base.py", line 977, in render
    return SafeString(''.join([
  File "C:\MyDoc\IT\MyRepositories\NewsPortal\venv\lib\site-packages\django\template\base.py", line 978, in <listcomp>
    node.render_annotated(context) for node in self
  File "C:\MyDoc\IT\MyRepositories\NewsPortal\venv\lib\site-packages\django\template\base.py", line 938, in render_annotated
    return self.render(context)
  File "C:\MyDoc\IT\MyRepositories\NewsPortal\venv\lib\site-packages\django\template\defaulttags.py", line 295, in render
    return nodelist.render(context)
  File "C:\MyDoc\IT\MyRepositories\NewsPortal\venv\lib\site-packages\django\template\base.py", line 977, in render
    return SafeString(''.join([
  File "C:\MyDoc\IT\MyRepositories\NewsPortal\venv\lib\site-packages\django\template\base.py", line 978, in <listcomp>
    node.render_annotated(context) for node in self
  File "C:\MyDoc\IT\MyRepositories\NewsPortal\venv\lib\site-packages\django\template\base.py", line 938, in render_annotated
    return self.render(context)
  File "C:\MyDoc\IT\MyRepositories\NewsPortal\venv\lib\site-packages\django\template\defaulttags.py", line 295, in render
    return nodelist.render(context)
  File "C:\MyDoc\IT\MyRepositories\NewsPortal\venv\lib\site-packages\django\template\base.py", line 977, in render
    return SafeString(''.join([
  File "C:\MyDoc\IT\MyRepositories\NewsPortal\venv\lib\site-packages\django\template\base.py", line 978, in <listcomp>
    node.render_annotated(context) for node in self
  File "C:\MyDoc\IT\MyRepositories\NewsPortal\venv\lib\site-packages\django\template\base.py", line 938, in render_annotated
    return self.render(context)
  File "C:\MyDoc\IT\MyRepositories\NewsPortal\venv\lib\site-packages\django\template\defaulttags.py", line 295, in render
    return nodelist.render(context)
  File "C:\MyDoc\IT\MyRepositories\NewsPortal\venv\lib\site-packages\django\template\base.py", line 977, in render
    return SafeString(''.join([
  File "C:\MyDoc\IT\MyRepositories\NewsPortal\venv\lib\site-packages\django\template\base.py", line 978, in <listcomp>
    node.render_annotated(context) for node in self
  File "C:\MyDoc\IT\MyRepositories\NewsPortal\venv\lib\site-packages\django\template\base.py", line 938, in render_annotated
    return self.render(context)
  File "C:\MyDoc\IT\MyRepositories\NewsPortal\venv\lib\site-packages\django\template\defaulttags.py", line 442, in render
    url = reverse(view_name, args=args, kwargs=kwargs, current_app=current_app)
  File "C:\MyDoc\IT\MyRepositories\NewsPortal\venv\lib\site-packages\django\urls\base.py", line 86, in reverse
    return resolver._reverse_with_prefix(view, prefix, *args, **kwargs)
  File "C:\MyDoc\IT\MyRepositories\NewsPortal\venv\lib\site-packages\django\urls\resolvers.py", line 729, in _reverse_with_prefix
    raise NoReverseMatch(msg)
django.urls.exceptions.NoReverseMatch: Reverse for 'subscribe' with arguments '('Бизнес',)' not found. 1 pattern(s) tried: ['ru/news/category/(?P<slug>[-a-zA-Z0-9_]+)/subscribe/\\Z']
ERROR 2022-04-22 17:05:37,544 C:\MyDoc\IT\MyRepositories\NewsPortal\venv\lib\site-packages\django\core\servers\basehttp.py None "GET /ru/news/category/business/ HTTP/1.1" 500 240082
